Building DAG of jobs...
Provided cores: 1
Rules claiming more threads will be scaled down.
Job counts:
	count	jobs
	1	all
	1	report
	1	workflow
	3

rule workflow:
    output: workflow.svg
    jobid: 2

snakemake --dag all | dot -Tsvg > workflow.svg
Finished job 2.
1 of 3 steps (33%) done

rule report:
    input: variant_info.txt, ensembl_application.json, workflow.svg
    output: report.html
    jobid: 1

Finished job 1.
2 of 3 steps (67%) done

localrule all:
    input: report.html
    jobid: 0

Finished job 0.
3 of 3 steps (100%) done
