Building DAG of jobs...
Provided cores: 1
Rules claiming more threads will be scaled down.
Job counts:
	count	jobs
	1	all
	1	ensembl_api
	1	variant_api
	3

rule variant_api:
    output: variant_info.txt
    jobid: 2

Finished job 2.
1 of 3 steps (33%) done

rule ensembl_api:
    input: variant_info.txt
    output: ensembl_application.json
    jobid: 1

Finished job 1.
2 of 3 steps (67%) done

localrule all:
    input: ensembl_application.json
    jobid: 0

Finished job 0.
3 of 3 steps (100%) done
