Building DAG of jobs...
Provided cores: 1
Rules claiming more threads will be scaled down.
Job counts:
	count	jobs
	1	SNP_api
	1	all
	1	ensembl_api
	1	report
	4

rule ensembl_api:
    input: variant_info.txt
    output: ensembl_application.json
    jobid: 2

Finished job 2.
1 of 4 steps (25%) done

rule SNP_api:
    output: SNP_info.json
    jobid: 3

Finished job 3.
2 of 4 steps (50%) done

rule report:
    input: variant_info.txt, ensembl_application.json, SNP_info.json, workflow.svg
    output: report.html
    jobid: 1

Finished job 1.
3 of 4 steps (75%) done

localrule all:
    input: report.html
    jobid: 0

Finished job 0.
4 of 4 steps (100%) done
